{"/home/odinstudent/repos/testing-practice/src/test/analyzeArray.js": {"path":"/home/odinstudent/repos/testing-practice/src/test/analyzeArray.js","statementMap":{"0":{"start":{"line":1,"column":21},"end":{"line":10,"column":1}},"1":{"start":{"line":2,"column":17},"end":{"line":2,"column":27}},"2":{"start":{"line":3,"column":14},"end":{"line":3,"column":51}},"3":{"start":{"line":3,"column":40},"end":{"line":3,"column":50}},"4":{"start":{"line":4,"column":18},"end":{"line":4,"column":30}},"5":{"start":{"line":5,"column":18},"end":{"line":5,"column":26}},"6":{"start":{"line":6,"column":2},"end":{"line":6,"column":17}},"7":{"start":{"line":7,"column":14},"end":{"line":7,"column":24}},"8":{"start":{"line":8,"column":14},"end":{"line":8,"column":33}},"9":{"start":{"line":9,"column":2},"end":{"line":9,"column":39}}},"fnMap":{"0":{"name":"(anonymous_0)","decl":{"start":{"line":1,"column":21},"end":{"line":1,"column":22}},"loc":{"start":{"line":1,"column":30},"end":{"line":10,"column":1}},"line":1},"1":{"name":"(anonymous_1)","decl":{"start":{"line":3,"column":25},"end":{"line":3,"column":26}},"loc":{"start":{"line":3,"column":40},"end":{"line":3,"column":50}},"line":3}},"branchMap":{},"s":{"0":1,"1":1,"2":1,"3":5,"4":1,"5":1,"6":1,"7":1,"8":1,"9":1},"f":{"0":1,"1":5},"b":{},"_coverageSchema":"1a1c01bbd47fc00a2c39e90264f33305004495a9","hash":"daaa34f9cf72dae8514d91dabb53f9e8c2d16b54"}
,"/home/odinstudent/repos/testing-practice/src/test/calculator.js": {"path":"/home/odinstudent/repos/testing-practice/src/test/calculator.js","statementMap":{"0":{"start":{"line":1,"column":19},"end":{"line":14,"column":1}},"1":{"start":{"line":3,"column":4},"end":{"line":3,"column":23}},"2":{"start":{"line":6,"column":4},"end":{"line":6,"column":23}},"3":{"start":{"line":9,"column":4},"end":{"line":9,"column":23}},"4":{"start":{"line":12,"column":4},"end":{"line":12,"column":23}}},"fnMap":{"0":{"name":"(anonymous_0)","decl":{"start":{"line":2,"column":2},"end":{"line":2,"column":3}},"loc":{"start":{"line":2,"column":18},"end":{"line":4,"column":3}},"line":2},"1":{"name":"(anonymous_1)","decl":{"start":{"line":5,"column":2},"end":{"line":5,"column":3}},"loc":{"start":{"line":5,"column":23},"end":{"line":7,"column":3}},"line":5},"2":{"name":"(anonymous_2)","decl":{"start":{"line":8,"column":2},"end":{"line":8,"column":3}},"loc":{"start":{"line":8,"column":21},"end":{"line":10,"column":3}},"line":8},"3":{"name":"(anonymous_3)","decl":{"start":{"line":11,"column":2},"end":{"line":11,"column":3}},"loc":{"start":{"line":11,"column":23},"end":{"line":13,"column":3}},"line":11}},"branchMap":{},"s":{"0":1,"1":1,"2":1,"3":1,"4":1},"f":{"0":1,"1":1,"2":1,"3":1},"b":{},"_coverageSchema":"1a1c01bbd47fc00a2c39e90264f33305004495a9","hash":"cdc5cbd7aa82de9156ecd96548f0df6c36edddee"}
,"/home/odinstudent/repos/testing-practice/src/test/capitalize.js": {"path":"/home/odinstudent/repos/testing-practice/src/test/capitalize.js","statementMap":{"0":{"start":{"line":1,"column":19},"end":{"line":3,"column":1}},"1":{"start":{"line":2,"column":2},"end":{"line":2,"column":47}}},"fnMap":{"0":{"name":"(anonymous_0)","decl":{"start":{"line":1,"column":19},"end":{"line":1,"column":20}},"loc":{"start":{"line":1,"column":35},"end":{"line":3,"column":1}},"line":1}},"branchMap":{},"s":{"0":1,"1":1},"f":{"0":1},"b":{},"_coverageSchema":"1a1c01bbd47fc00a2c39e90264f33305004495a9","hash":"1db27706a4ae4994e1e2e555873a1f3ef0218ccb"}
,"/home/odinstudent/repos/testing-practice/src/test/ceasarCipher.js": {"path":"/home/odinstudent/repos/testing-practice/src/test/ceasarCipher.js","statementMap":{"0":{"start":{"line":1,"column":23},"end":{"line":7,"column":1}},"1":{"start":{"line":2,"column":14},"end":{"line":2,"column":16}},"2":{"start":{"line":3,"column":2},"end":{"line":5,"column":3}},"3":{"start":{"line":3,"column":15},"end":{"line":3,"column":20}},"4":{"start":{"line":4,"column":4},"end":{"line":4,"column":37}},"5":{"start":{"line":6,"column":2},"end":{"line":6,"column":13}},"6":{"start":{"line":8,"column":28},"end":{"line":8,"column":51}},"7":{"start":{"line":9,"column":28},"end":{"line":9,"column":50}},"8":{"start":{"line":11,"column":21},"end":{"line":24,"column":1}},"9":{"start":{"line":12,"column":18},"end":{"line":12,"column":32}},"10":{"start":{"line":13,"column":27},"end":{"line":22,"column":4}},"11":{"start":{"line":14,"column":4},"end":{"line":20,"column":5}},"12":{"start":{"line":15,"column":23},"end":{"line":15,"column":71}},"13":{"start":{"line":16,"column":6},"end":{"line":16,"column":43}},"14":{"start":{"line":17,"column":11},"end":{"line":20,"column":5}},"15":{"start":{"line":18,"column":23},"end":{"line":18,"column":71}},"16":{"start":{"line":19,"column":6},"end":{"line":19,"column":43}},"17":{"start":{"line":21,"column":4},"end":{"line":21,"column":18}},"18":{"start":{"line":23,"column":2},"end":{"line":23,"column":35}}},"fnMap":{"0":{"name":"(anonymous_0)","decl":{"start":{"line":1,"column":23},"end":{"line":1,"column":24}},"loc":{"start":{"line":1,"column":39},"end":{"line":7,"column":1}},"line":1},"1":{"name":"(anonymous_1)","decl":{"start":{"line":11,"column":21},"end":{"line":11,"column":22}},"loc":{"start":{"line":11,"column":36},"end":{"line":24,"column":1}},"line":11},"2":{"name":"(anonymous_2)","decl":{"start":{"line":13,"column":39},"end":{"line":13,"column":40}},"loc":{"start":{"line":13,"column":51},"end":{"line":22,"column":3}},"line":13}},"branchMap":{"0":{"loc":{"start":{"line":14,"column":4},"end":{"line":20,"column":5}},"type":"if","locations":[{"start":{"line":14,"column":4},"end":{"line":20,"column":5}},{"start":{"line":17,"column":11},"end":{"line":20,"column":5}}],"line":14},"1":{"loc":{"start":{"line":17,"column":11},"end":{"line":20,"column":5}},"type":"if","locations":[{"start":{"line":17,"column":11},"end":{"line":20,"column":5}},{"start":{},"end":{}}],"line":17}},"s":{"0":1,"1":2,"2":2,"3":2,"4":52,"5":2,"6":1,"7":1,"8":1,"9":3,"10":3,"11":21,"12":13,"13":13,"14":8,"15":5,"16":5,"17":3,"18":3},"f":{"0":2,"1":3,"2":21},"b":{"0":[13,8],"1":[5,3]},"_coverageSchema":"1a1c01bbd47fc00a2c39e90264f33305004495a9","hash":"08b3f1f031a3f5a1fd8d78475136cbc279d23886"}
,"/home/odinstudent/repos/testing-practice/src/test/reverse.js": {"path":"/home/odinstudent/repos/testing-practice/src/test/reverse.js","statementMap":{"0":{"start":{"line":1,"column":19},"end":{"line":3,"column":1}},"1":{"start":{"line":2,"column":2},"end":{"line":2,"column":43}}},"fnMap":{"0":{"name":"(anonymous_0)","decl":{"start":{"line":1,"column":19},"end":{"line":1,"column":20}},"loc":{"start":{"line":1,"column":29},"end":{"line":3,"column":1}},"line":1}},"branchMap":{},"s":{"0":1,"1":1},"f":{"0":1},"b":{},"_coverageSchema":"1a1c01bbd47fc00a2c39e90264f33305004495a9","hash":"e0931b7396581bbd3b6a97c04f9d84a16bdf838a"}
}
